Determining if the pthread_create exist failed with the following output:
Change Dir: /home/rohit/catkin_ws/src/compliant_grasp/CMakeFiles/CMakeTmp

Run Build Command:/usr/bin/make "cmTryCompileExec1368221557/fast"
/usr/bin/make -f CMakeFiles/cmTryCompileExec1368221557.dir/build.make CMakeFiles/cmTryCompileExec1368221557.dir/build
make[1]: Entering directory `/home/rohit/catkin_ws/src/compliant_grasp/CMakeFiles/CMakeTmp'
/usr/bin/cmake -E cmake_progress_report /home/rohit/catkin_ws/src/compliant_grasp/CMakeFiles/CMakeTmp/CMakeFiles 1
Building C object CMakeFiles/cmTryCompileExec1368221557.dir/CheckSymbolExists.c.o
/usr/bin/cc    -o CMakeFiles/cmTryCompileExec1368221557.dir/CheckSymbolExists.c.o   -c /home/rohit/catkin_ws/src/compliant_grasp/CMakeFiles/CMakeTmp/CheckSymbolExists.c
Linking C executable cmTryCompileExec1368221557
/usr/bin/cmake -E cmake_link_script CMakeFiles/cmTryCompileExec1368221557.dir/link.txt --verbose=1
/usr/bin/cc         CMakeFiles/cmTryCompileExec1368221557.dir/CheckSymbolExists.c.o  -o cmTryCompileExec1368221557 -rdynamic 
CMakeFiles/cmTryCompileExec1368221557.dir/CheckSymbolExists.c.o: In function `main':
CheckSymbolExists.c:(.text+0x16): undefined reference to `pthread_create'
collect2: error: ld returned 1 exit status
make[1]: Leaving directory `/home/rohit/catkin_ws/src/compliant_grasp/CMakeFiles/CMakeTmp'
make[1]: *** [cmTryCompileExec1368221557] Error 1
make: *** [cmTryCompileExec1368221557/fast] Error 2

File /home/rohit/catkin_ws/src/compliant_grasp/CMakeFiles/CMakeTmp/CheckSymbolExists.c:
/* */
#include <pthread.h>

int main(int argc, char** argv)
{
  (void)argv;
#ifndef pthread_create
  return ((int*)(&pthread_create))[argc];
#else
  (void)argc;
  return 0;
#endif
}

Determining if the function pthread_create exists in the pthreads failed with the following output:
Change Dir: /home/rohit/catkin_ws/src/compliant_grasp/CMakeFiles/CMakeTmp

Run Build Command:/usr/bin/make "cmTryCompileExec148924200/fast"
/usr/bin/make -f CMakeFiles/cmTryCompileExec148924200.dir/build.make CMakeFiles/cmTryCompileExec148924200.dir/build
make[1]: Entering directory `/home/rohit/catkin_ws/src/compliant_grasp/CMakeFiles/CMakeTmp'
/usr/bin/cmake -E cmake_progress_report /home/rohit/catkin_ws/src/compliant_grasp/CMakeFiles/CMakeTmp/CMakeFiles 1
Building C object CMakeFiles/cmTryCompileExec148924200.dir/CheckFunctionExists.c.o
/usr/bin/cc   -DCHECK_FUNCTION_EXISTS=pthread_create   -o CMakeFiles/cmTryCompileExec148924200.dir/CheckFunctionExists.c.o   -c /usr/share/cmake-2.8/Modules/CheckFunctionExists.c
Linking C executable cmTryCompileExec148924200
/usr/bin/cmake -E cmake_link_script CMakeFiles/cmTryCompileExec148924200.dir/link.txt --verbose=1
/usr/bin/cc     -DCHECK_FUNCTION_EXISTS=pthread_create    CMakeFiles/cmTryCompileExec148924200.dir/CheckFunctionExists.c.o  -o cmTryCompileExec148924200 -rdynamic -lpthreads 
/usr/bin/ld: cannot find -lpthreads
collect2: error: ld returned 1 exit status
make[1]: Leaving directory `/home/rohit/catkin_ws/src/compliant_grasp/CMakeFiles/CMakeTmp'
make[1]: *** [cmTryCompileExec148924200] Error 1
make: *** [cmTryCompileExec148924200/fast] Error 2


Determining if the pthread_create exist failed with the following output:
Change Dir: /home/rohit/catkin_ws/src/compliant_grasp/CMakeFiles/CMakeTmp

Run Build Command:/usr/bin/make "cmTryCompileExec2436503597/fast"
/usr/bin/make -f CMakeFiles/cmTryCompileExec2436503597.dir/build.make CMakeFiles/cmTryCompileExec2436503597.dir/build
make[1]: Entering directory `/home/rohit/catkin_ws/src/compliant_grasp/CMakeFiles/CMakeTmp'
/usr/bin/cmake -E cmake_progress_report /home/rohit/catkin_ws/src/compliant_grasp/CMakeFiles/CMakeTmp/CMakeFiles 1
Building C object CMakeFiles/cmTryCompileExec2436503597.dir/CheckSymbolExists.c.o
/usr/bin/cc    -o CMakeFiles/cmTryCompileExec2436503597.dir/CheckSymbolExists.c.o   -c /home/rohit/catkin_ws/src/compliant_grasp/CMakeFiles/CMakeTmp/CheckSymbolExists.c
Linking C executable cmTryCompileExec2436503597
/usr/bin/cmake -E cmake_link_script CMakeFiles/cmTryCompileExec2436503597.dir/link.txt --verbose=1
/usr/bin/cc         CMakeFiles/cmTryCompileExec2436503597.dir/CheckSymbolExists.c.o  -o cmTryCompileExec2436503597 -rdynamic 
CMakeFiles/cmTryCompileExec2436503597.dir/CheckSymbolExists.c.o: In function `main':
CheckSymbolExists.c:(.text+0x16): undefined reference to `pthread_create'
collect2: error: ld returned 1 exit status
make[1]: Leaving directory `/home/rohit/catkin_ws/src/compliant_grasp/CMakeFiles/CMakeTmp'
make[1]: *** [cmTryCompileExec2436503597] Error 1
make: *** [cmTryCompileExec2436503597/fast] Error 2

File /home/rohit/catkin_ws/src/compliant_grasp/CMakeFiles/CMakeTmp/CheckSymbolExists.c:
/* */
#include <pthread.h>

int main(int argc, char** argv)
{
  (void)argv;
#ifndef pthread_create
  return ((int*)(&pthread_create))[argc];
#else
  (void)argc;
  return 0;
#endif
}

Determining if the function pthread_create exists in the pthreads failed with the following output:
Change Dir: /home/rohit/catkin_ws/src/compliant_grasp/CMakeFiles/CMakeTmp

Run Build Command:/usr/bin/make "cmTryCompileExec3025910412/fast"
/usr/bin/make -f CMakeFiles/cmTryCompileExec3025910412.dir/build.make CMakeFiles/cmTryCompileExec3025910412.dir/build
make[1]: Entering directory `/home/rohit/catkin_ws/src/compliant_grasp/CMakeFiles/CMakeTmp'
/usr/bin/cmake -E cmake_progress_report /home/rohit/catkin_ws/src/compliant_grasp/CMakeFiles/CMakeTmp/CMakeFiles 1
Building C object CMakeFiles/cmTryCompileExec3025910412.dir/CheckFunctionExists.c.o
/usr/bin/cc   -DCHECK_FUNCTION_EXISTS=pthread_create   -o CMakeFiles/cmTryCompileExec3025910412.dir/CheckFunctionExists.c.o   -c /usr/share/cmake-2.8/Modules/CheckFunctionExists.c
Linking C executable cmTryCompileExec3025910412
/usr/bin/cmake -E cmake_link_script CMakeFiles/cmTryCompileExec3025910412.dir/link.txt --verbose=1
/usr/bin/cc     -DCHECK_FUNCTION_EXISTS=pthread_create    CMakeFiles/cmTryCompileExec3025910412.dir/CheckFunctionExists.c.o  -o cmTryCompileExec3025910412 -rdynamic -lpthreads 
/usr/bin/ld: cannot find -lpthreads
collect2: error: ld returned 1 exit status
make[1]: Leaving directory `/home/rohit/catkin_ws/src/compliant_grasp/CMakeFiles/CMakeTmp'
make[1]: *** [cmTryCompileExec3025910412] Error 1
make: *** [cmTryCompileExec3025910412/fast] Error 2


